# JRE version: Java(TM) SE Runtime Environment (8.0_11-b12) (build 1.8.0_11-b12)
# Java VM: Java HotSpot(TM) 64-Bit Server VM (25.11-b03 mixed mode bsd-amd64 compressed oops)
Heap:
 PSYoungGen      total 227328K, used 102049K [0x00000007b0000000, 0x00000007c0000000, 0x00000007c0000000)
  eden space 196608K, 40% used [0x00000007b0000000,0x00000007b4ce13d8,0x00000007bc000000)
  from space 30720K, 75% used [0x00000007be200000,0x00000007bf8c7060,0x00000007c0000000)
  to   space 32768K, 0% used [0x00000007bc000000,0x00000007bc000000,0x00000007be000000)
 ParOldGen       total 89600K, used 75163K [0x0000000790000000, 0x0000000795780000, 0x00000007b0000000)
  object space 89600K, 83% used [0x0000000790000000,0x0000000794966f30,0x0000000795780000)
 Metaspace       used 59604K, capacity 61360K, committed 61568K, reserved 1103872K
  class space    used 6925K, capacity 7490K, committed 7552K, reserved 1048576K
GC Heap History (10 events):
Event: 8.986 GC heap before
{Heap before GC invocations=61 (full 4):
 PSYoungGen      total 242176K, used 239175K [0x00000007b0000000, 0x00000007c0000000, 0x00000007c0000000)
  eden space 225280K, 100% used [0x00000007b0000000,0x00000007bdc00000,0x00000007bdc00000)
  from space 16896K, 82% used [0x00000007bef80000,0x00000007bfd11fe0,0x00000007c0000000)
  to   space 18432K, 0% used [0x00000007bdc00000,0x00000007bdc00000,0x00000007bee00000)
 ParOldGen       total 68096K, used 56638K [0x0000000790000000, 0x0000000794280000, 0x00000007b0000000)
  object space 68096K, 83% used [0x0000000790000000,0x000000079374f918,0x0000000794280000)
 Metaspace       used 54294K, capacity 55852K, committed 56064K, reserved 1099776K
  class space    used 6109K, capacity 6609K, committed 6656K, reserved 1048576K
Event: 9.004 GC heap after
Heap after GC invocations=61 (full 4):
 PSYoungGen      total 243712K, used 18401K [0x00000007b0000000, 0x00000007c0000000, 0x00000007c0000000)
  eden space 225280K, 0% used [0x00000007b0000000,0x00000007b0000000,0x00000007bdc00000)
  from space 18432K, 99% used [0x00000007bdc00000,0x00000007bedf85e0,0x00000007bee00000)
  to   space 18432K, 0% used [0x00000007bee00000,0x00000007bee00000,0x00000007c0000000)
 ParOldGen       total 68096K, used 61275K [0x0000000790000000, 0x0000000794280000, 0x00000007b0000000)
  object space 68096K, 89% used [0x0000000790000000,0x0000000793bd6dd0,0x0000000794280000)
 Metaspace       used 54294K, capacity 55852K, committed 56064K, reserved 1099776K
  class space    used 6109K, capacity 6609K, committed 6656K, reserved 1048576K
}
Event: 9.590 GC heap before
{Heap before GC invocations=62 (full 4):
 PSYoungGen      total 243712K, used 243681K [0x00000007b0000000, 0x00000007c0000000, 0x00000007c0000000)
  eden space 225280K, 100% used [0x00000007b0000000,0x00000007bdc00000,0x00000007bdc00000)
  from space 18432K, 99% used [0x00000007bdc00000,0x00000007bedf85e0,0x00000007bee00000)
  to   space 18432K, 0% used [0x00000007bee00000,0x00000007bee00000,0x00000007c0000000)
 ParOldGen       total 68096K, used 61275K [0x0000000790000000, 0x0000000794280000, 0x00000007b0000000)
  object space 68096K, 89% used [0x0000000790000000,0x0000000793bd6dd0,0x0000000794280000)
 Metaspace       used 56190K, capacity 57790K, committed 58112K, reserved 1099776K
  class space    used 6374K, capacity 6868K, committed 6912K, reserved 1048576K
Event: 9.608 GC heap after
Heap after GC invocations=62 (full 4):
 PSYoungGen      total 223232K, used 18416K [0x00000007b0000000, 0x00000007c0000000, 0x00000007c0000000)
  eden space 204800K, 0% used [0x00000007b0000000,0x00000007b0000000,0x00000007bc800000)
  from space 18432K, 99% used [0x00000007bee00000,0x00000007bfffc030,0x00000007c0000000)
  to   space 28672K, 0% used [0x00000007bc800000,0x00000007bc800000,0x00000007be400000)
 ParOldGen       total 73728K, used 71290K [0x0000000790000000, 0x0000000794800000, 0x00000007b0000000)
  object space 73728K, 96% used [0x0000000790000000,0x000000079459e908,0x0000000794800000)
 Metaspace       used 56190K, capacity 57790K, committed 58112K, reserved 1099776K
  class space    used 6374K, capacity 6868K, committed 6912K, reserved 1048576K
}
Event: 9.608 GC heap before
{Heap before GC invocations=63 (full 5):
 PSYoungGen      total 223232K, used 18416K [0x00000007b0000000, 0x00000007c0000000, 0x00000007c0000000)
  eden space 204800K, 0% used [0x00000007b0000000,0x00000007b0000000,0x00000007bc800000)
  from space 18432K, 99% used [0x00000007bee00000,0x00000007bfffc030,0x00000007c0000000)
  to   space 28672K, 0% used [0x00000007bc800000,0x00000007bc800000,0x00000007be400000)
 ParOldGen       total 73728K, used 71290K [0x0000000790000000, 0x0000000794800000, 0x00000007b0000000)
  object space 73728K, 96% used [0x0000000790000000,0x000000079459e908,0x0000000794800000)
 Metaspace       used 56190K, capacity 57790K, committed 58112K, reserved 1099776K
  class space    used 6374K, capacity 6868K, committed 6912K, reserved 1048576K
Event: 10.410 GC heap after
Heap after GC invocations=63 (full 5):
 PSYoungGen      total 223232K, used 14225K [0x00000007b0000000, 0x00000007c0000000, 0x00000007c0000000)
  eden space 204800K, 0% used [0x00000007b0000000,0x00000007b0000000,0x00000007bc800000)
  from space 18432K, 77% used [0x00000007bee00000,0x00000007bfbe4618,0x00000007c0000000)
  to   space 28672K, 0% used [0x00000007bc800000,0x00000007bc800000,0x00000007be400000)
 ParOldGen       total 89600K, used 73459K [0x0000000790000000, 0x0000000795780000, 0x00000007b0000000)
  object space 89600K, 81% used [0x0000000790000000,0x00000007947bcfd8,0x0000000795780000)
 Metaspace       used 56190K, capacity 57790K, committed 58112K, reserved 1099776K
  class space    used 6374K, capacity 6868K, committed 6912K, reserved 1048576K
}
Event: 10.916 GC heap before
{Heap before GC invocations=64 (full 5):
 PSYoungGen      total 223232K, used 219025K [0x00000007b0000000, 0x00000007c0000000, 0x00000007c0000000)
  eden space 204800K, 100% used [0x00000007b0000000,0x00000007bc800000,0x00000007bc800000)
  from space 18432K, 77% used [0x00000007bee00000,0x00000007bfbe4618,0x00000007c0000000)
  to   space 28672K, 0% used [0x00000007bc800000,0x00000007bc800000,0x00000007be400000)
 ParOldGen       total 89600K, used 73459K [0x0000000790000000, 0x0000000795780000, 0x00000007b0000000)
  object space 89600K, 81% used [0x0000000790000000,0x00000007947bcfd8,0x0000000795780000)
 Metaspace       used 57617K, capacity 59284K, committed 59392K, reserved 1101824K
  class space    used 6603K, capacity 7121K, committed 7168K, reserved 1048576K
Event: 10.949 GC heap after
Heap after GC invocations=64 (full 5):
 PSYoungGen      total 226304K, used 21129K [0x00000007b0000000, 0x00000007c0000000, 0x00000007c0000000)
  eden space 204800K, 0% used [0x00000007b0000000,0x00000007b0000000,0x00000007bc800000)
  from space 21504K, 98% used [0x00000007bc800000,0x00000007bdca24b8,0x00000007bdd00000)
  to   space 30720K, 0% used [0x00000007be200000,0x00000007be200000,0x00000007c0000000)
 ParOldGen       total 89600K, used 75155K [0x0000000790000000, 0x0000000795780000, 0x00000007b0000000)
  object space 89600K, 83% used [0x0000000790000000,0x0000000794964f30,0x0000000795780000)
 Metaspace       used 57617K, capacity 59284K, committed 59392K, reserved 1101824K
  class space    used 6603K, capacity 7121K, committed 7168K, reserved 1048576K
}
Event: 11.260 GC heap before
{Heap before GC invocations=65 (full 5):
 PSYoungGen      total 226304K, used 217030K [0x00000007b0000000, 0x00000007c0000000, 0x00000007c0000000)
  eden space 204800K, 95% used [0x00000007b0000000,0x00000007bbf4f610,0x00000007bc800000)
  from space 21504K, 98% used [0x00000007bc800000,0x00000007bdca24b8,0x00000007bdd00000)
  to   space 30720K, 0% used [0x00000007be200000,0x00000007be200000,0x00000007c0000000)
 ParOldGen       total 89600K, used 75155K [0x0000000790000000, 0x0000000795780000, 0x00000007b0000000)
  object space 89600K, 83% used [0x0000000790000000,0x0000000794964f30,0x0000000795780000)
 Metaspace       used 58687K, capacity 60332K, committed 60672K, reserved 1101824K
  class space    used 6802K, capacity 7318K, committed 7424K, reserved 1048576K
Event: 11.277 GC heap after
Heap after GC invocations=65 (full 5):
 PSYoungGen      total 227328K, used 23324K [0x00000007b0000000, 0x00000007c0000000, 0x00000007c0000000)
  eden space 196608K, 0% used [0x00000007b0000000,0x00000007b0000000,0x00000007bc000000)
  from space 30720K, 75% used [0x00000007be200000,0x00000007bf8c7060,0x00000007c0000000)
  to   space 32768K, 0% used [0x00000007bc000000,0x00000007bc000000,0x00000007be000000)
 ParOldGen       total 89600K, used 75163K [0x0000000790000000, 0x0000000795780000, 0x00000007b0000000)
  object space 89600K, 83% used [0x0000000790000000,0x0000000794966f30,0x0000000795780000)
 Metaspace       used 58687K, capacity 60332K, committed 60672K, reserved 1101824K
  class space    used 6802K, capacity 7318K, committed 7424K, reserved 1048576K
}

