# JRE version: Java(TM) SE Runtime Environment (8.0_11-b12) (build 1.8.0_11-b12)
# Java VM: Java HotSpot(TM) 64-Bit Server VM (25.11-b03 mixed mode bsd-amd64 compressed oops)
Heap:
 PSYoungGen      total 95232K, used 26167K [0x00000007b0000000, 0x00000007b7400000, 0x00000007c0000000)
  eden space 88576K, 22% used [0x00000007b0000000,0x00000007b1328a88,0x00000007b5680000)
  from space 6656K, 98% used [0x00000007b6080000,0x00000007b66e5428,0x00000007b6700000)
  to   space 10240K, 0% used [0x00000007b5680000,0x00000007b5680000,0x00000007b6080000)
 ParOldGen       total 64000K, used 29769K [0x0000000790000000, 0x0000000793e80000, 0x00000007b0000000)
  object space 64000K, 46% used [0x0000000790000000,0x0000000791d12708,0x0000000793e80000)
 Metaspace       used 29990K, capacity 31420K, committed 31744K, reserved 1077248K
  class space    used 3548K, capacity 4007K, committed 4096K, reserved 1048576K
GC Heap History (10 events):
Event: 2.813 GC heap before
{Heap before GC invocations=19 (full 0):
 PSYoungGen      total 72192K, used 64508K [0x00000007b0000000, 0x00000007b4b80000, 0x00000007c0000000)
  eden space 68096K, 92% used [0x00000007b0000000,0x00000007b3dd7258,0x00000007b4280000)
  from space 4096K, 28% used [0x00000007b4780000,0x00000007b48a8000,0x00000007b4b80000)
  to   space 4608K, 0% used [0x00000007b4280000,0x00000007b4280000,0x00000007b4700000)
 ParOldGen       total 64000K, used 16635K [0x0000000790000000, 0x0000000793e80000, 0x00000007b0000000)
  object space 64000K, 25% used [0x0000000790000000,0x000000079103ee30,0x0000000793e80000)
 Metaspace       used 20872K, capacity 21282K, committed 21296K, reserved 1069056K
  class space    used 2358K, capacity 2429K, committed 2432K, reserved 1048576K
Event: 2.815 GC heap after
Heap after GC invocations=19 (full 0):
 PSYoungGen      total 72704K, used 1314K [0x00000007b0000000, 0x00000007b6680000, 0x00000007c0000000)
  eden space 68096K, 0% used [0x00000007b0000000,0x00000007b0000000,0x00000007b4280000)
  from space 4608K, 28% used [0x00000007b4280000,0x00000007b43c8aa0,0x00000007b4700000)
  to   space 4608K, 0% used [0x00000007b6200000,0x00000007b6200000,0x00000007b6680000)
 ParOldGen       total 64000K, used 16915K [0x0000000790000000, 0x0000000793e80000, 0x00000007b0000000)
  object space 64000K, 26% used [0x0000000790000000,0x0000000791084e40,0x0000000793e80000)
 Metaspace       used 20872K, capacity 21282K, committed 21296K, reserved 1069056K
  class space    used 2358K, capacity 2429K, committed 2432K, reserved 1048576K
}
Event: 2.815 GC heap before
{Heap before GC invocations=20 (full 1):
 PSYoungGen      total 72704K, used 1314K [0x00000007b0000000, 0x00000007b6680000, 0x00000007c0000000)
  eden space 68096K, 0% used [0x00000007b0000000,0x00000007b0000000,0x00000007b4280000)
  from space 4608K, 28% used [0x00000007b4280000,0x00000007b43c8aa0,0x00000007b4700000)
  to   space 4608K, 0% used [0x00000007b6200000,0x00000007b6200000,0x00000007b6680000)
 ParOldGen       total 64000K, used 16915K [0x0000000790000000, 0x0000000793e80000, 0x00000007b0000000)
  object space 64000K, 26% used [0x0000000790000000,0x0000000791084e40,0x0000000793e80000)
 Metaspace       used 20872K, capacity 21282K, committed 21296K, reserved 1069056K
  class space    used 2358K, capacity 2429K, committed 2432K, reserved 1048576K
Event: 2.898 GC heap after
Heap after GC invocations=20 (full 1):
 PSYoungGen      total 72704K, used 0K [0x00000007b0000000, 0x00000007b6680000, 0x00000007c0000000)
  eden space 68096K, 0% used [0x00000007b0000000,0x00000007b0000000,0x00000007b4280000)
  from space 4608K, 0% used [0x00000007b4280000,0x00000007b4280000,0x00000007b4700000)
  to   space 4608K, 0% used [0x00000007b6200000,0x00000007b6200000,0x00000007b6680000)
 ParOldGen       total 64000K, used 15693K [0x0000000790000000, 0x0000000793e80000, 0x00000007b0000000)
  object space 64000K, 24% used [0x0000000790000000,0x0000000790f53750,0x0000000793e80000)
 Metaspace       used 20872K, capacity 21282K, committed 21296K, reserved 1069056K
  class space    used 2358K, capacity 2429K, committed 2432K, reserved 1048576K
}
Event: 3.503 GC heap before
{Heap before GC invocations=21 (full 1):
 PSYoungGen      total 72704K, used 68096K [0x00000007b0000000, 0x00000007b6680000, 0x00000007c0000000)
  eden space 68096K, 100% used [0x00000007b0000000,0x00000007b4280000,0x00000007b4280000)
  from space 4608K, 0% used [0x00000007b4280000,0x00000007b4280000,0x00000007b4700000)
  to   space 4608K, 0% used [0x00000007b6200000,0x00000007b6200000,0x00000007b6680000)
 ParOldGen       total 64000K, used 15693K [0x0000000790000000, 0x0000000793e80000, 0x00000007b0000000)
  object space 64000K, 24% used [0x0000000790000000,0x0000000790f53750,0x0000000793e80000)
 Metaspace       used 24458K, capacity 25144K, committed 25344K, reserved 1071104K
  class space    used 2829K, capacity 2971K, committed 3072K, reserved 1048576K
Event: 3.509 GC heap after
Heap after GC invocations=21 (full 1):
 PSYoungGen      total 81408K, used 4585K [0x00000007b0000000, 0x00000007b6680000, 0x00000007c0000000)
  eden space 76800K, 0% used [0x00000007b0000000,0x00000007b0000000,0x00000007b4b00000)
  from space 4608K, 99% used [0x00000007b6200000,0x00000007b667a660,0x00000007b6680000)
  to   space 6144K, 0% used [0x00000007b5a80000,0x00000007b5a80000,0x00000007b6080000)
 ParOldGen       total 64000K, used 17224K [0x0000000790000000, 0x0000000793e80000, 0x00000007b0000000)
  object space 64000K, 26% used [0x0000000790000000,0x00000007910d2268,0x0000000793e80000)
 Metaspace       used 24458K, capacity 25144K, committed 25344K, reserved 1071104K
  class space    used 2829K, capacity 2971K, committed 3072K, reserved 1048576K
}
Event: 4.053 GC heap before
{Heap before GC invocations=22 (full 1):
 PSYoungGen      total 81408K, used 81385K [0x00000007b0000000, 0x00000007b6680000, 0x00000007c0000000)
  eden space 76800K, 100% used [0x00000007b0000000,0x00000007b4b00000,0x00000007b4b00000)
  from space 4608K, 99% used [0x00000007b6200000,0x00000007b667a660,0x00000007b6680000)
  to   space 6144K, 0% used [0x00000007b5a80000,0x00000007b5a80000,0x00000007b6080000)
 ParOldGen       total 64000K, used 17224K [0x0000000790000000, 0x0000000793e80000, 0x00000007b0000000)
  object space 64000K, 26% used [0x0000000790000000,0x00000007910d2268,0x0000000793e80000)
 Metaspace       used 27769K, capacity 28712K, committed 29056K, reserved 1075200K
  class space    used 3283K, capacity 3607K, committed 3712K, reserved 1048576K
Event: 4.063 GC heap after
Heap after GC invocations=22 (full 1):
 PSYoungGen      total 93184K, used 6128K [0x00000007b0000000, 0x00000007b6700000, 0x00000007c0000000)
  eden space 87040K, 0% used [0x00000007b0000000,0x00000007b0000000,0x00000007b5500000)
  from space 6144K, 99% used [0x00000007b5a80000,0x00000007b607c010,0x00000007b6080000)
  to   space 6656K, 0% used [0x00000007b6080000,0x00000007b6080000,0x00000007b6700000)
 ParOldGen       total 64000K, used 23677K [0x0000000790000000, 0x0000000793e80000, 0x00000007b0000000)
  object space 64000K, 36% used [0x0000000790000000,0x000000079171f648,0x0000000793e80000)
 Metaspace       used 27769K, capacity 28712K, committed 29056K, reserved 1075200K
  class space    used 3283K, capacity 3607K, committed 3712K, reserved 1048576K
}
Event: 4.736 GC heap before
{Heap before GC invocations=23 (full 1):
 PSYoungGen      total 93184K, used 93168K [0x00000007b0000000, 0x00000007b6700000, 0x00000007c0000000)
  eden space 87040K, 100% used [0x00000007b0000000,0x00000007b5500000,0x00000007b5500000)
  from space 6144K, 99% used [0x00000007b5a80000,0x00000007b607c010,0x00000007b6080000)
  to   space 6656K, 0% used [0x00000007b6080000,0x00000007b6080000,0x00000007b6700000)
 ParOldGen       total 64000K, used 23677K [0x0000000790000000, 0x0000000793e80000, 0x00000007b0000000)
  object space 64000K, 36% used [0x0000000790000000,0x000000079171f648,0x0000000793e80000)
 Metaspace       used 29722K, capacity 31080K, committed 31360K, reserved 1077248K
  class space    used 3503K, capacity 3923K, committed 3968K, reserved 1048576K
Event: 4.745 GC heap after
Heap after GC invocations=23 (full 1):
 PSYoungGen      total 95232K, used 6549K [0x00000007b0000000, 0x00000007b7400000, 0x00000007c0000000)
  eden space 88576K, 0% used [0x00000007b0000000,0x00000007b0000000,0x00000007b5680000)
  from space 6656K, 98% used [0x00000007b6080000,0x00000007b66e5428,0x00000007b6700000)
  to   space 10240K, 0% used [0x00000007b5680000,0x00000007b5680000,0x00000007b6080000)
 ParOldGen       total 64000K, used 29769K [0x0000000790000000, 0x0000000793e80000, 0x00000007b0000000)
  object space 64000K, 46% used [0x0000000790000000,0x0000000791d12708,0x0000000793e80000)
 Metaspace       used 29722K, capacity 31080K, committed 31360K, reserved 1077248K
  class space    used 3503K, capacity 3923K, committed 3968K, reserved 1048576K
}

