# JRE version: Java(TM) SE Runtime Environment (8.0_11-b12) (build 1.8.0_11-b12)
# Java VM: Java HotSpot(TM) 64-Bit Server VM (25.11-b03 mixed mode bsd-amd64 compressed oops)
Heap:
 PSYoungGen      total 222208K, used 180641K [0x00000007b0000000, 0x00000007c0000000, 0x00000007c0000000)
  eden space 200704K, 82% used [0x00000007b0000000,0x00000007ba189c28,0x00000007bc400000)
  from space 21504K, 70% used [0x00000007beb00000,0x00000007bf9deb20,0x00000007c0000000)
  to   space 30720K, 0% used [0x00000007bc400000,0x00000007bc400000,0x00000007be200000)
 ParOldGen       total 91648K, used 74184K [0x0000000790000000, 0x0000000795980000, 0x00000007b0000000)
  object space 91648K, 80% used [0x0000000790000000,0x00000007948723d8,0x0000000795980000)
 Metaspace       used 57632K, capacity 59368K, committed 59648K, reserved 1101824K
  class space    used 6613K, capacity 7126K, committed 7168K, reserved 1048576K
GC Heap History (10 events):
Event: 9.538 GC heap before
{Heap before GC invocations=64 (full 5):
 PSYoungGen      total 231424K, used 214718K [0x00000007b0000000, 0x00000007bf880000, 0x00000007c0000000)
  eden space 211456K, 100% used [0x00000007b0000000,0x00000007bce80000,0x00000007bce80000)
  from space 19968K, 16% used [0x00000007be500000,0x00000007be82fab8,0x00000007bf880000)
  to   space 21504K, 0% used [0x00000007bce80000,0x00000007bce80000,0x00000007be380000)
 ParOldGen       total 74240K, used 60520K [0x0000000790000000, 0x0000000794880000, 0x00000007b0000000)
  object space 74240K, 81% used [0x0000000790000000,0x0000000793b1a2b0,0x0000000794880000)
 Metaspace       used 51842K, capacity 53374K, committed 53504K, reserved 1095680K
  class space    used 5861K, capacity 6330K, committed 6400K, reserved 1048576K
Event: 9.547 GC heap after
Heap after GC invocations=64 (full 5):
 PSYoungGen      total 232960K, used 6689K [0x00000007b0000000, 0x00000007bfe80000, 0x00000007c0000000)
  eden space 211456K, 0% used [0x00000007b0000000,0x00000007b0000000,0x00000007bce80000)
  from space 21504K, 31% used [0x00000007bce80000,0x00000007bd5086a8,0x00000007be380000)
  to   space 19968K, 0% used [0x00000007beb00000,0x00000007beb00000,0x00000007bfe80000)
 ParOldGen       total 74240K, used 60528K [0x0000000790000000, 0x0000000794880000, 0x00000007b0000000)
  object space 74240K, 81% used [0x0000000790000000,0x0000000793b1c2b0,0x0000000794880000)
 Metaspace       used 51842K, capacity 53374K, committed 53504K, reserved 1095680K
  class space    used 5861K, capacity 6330K, committed 6400K, reserved 1048576K
}
Event: 10.123 GC heap before
{Heap before GC invocations=65 (full 5):
 PSYoungGen      total 232960K, used 218145K [0x00000007b0000000, 0x00000007bfe80000, 0x00000007c0000000)
  eden space 211456K, 100% used [0x00000007b0000000,0x00000007bce80000,0x00000007bce80000)
  from space 21504K, 31% used [0x00000007bce80000,0x00000007bd5086a8,0x00000007be380000)
  to   space 19968K, 0% used [0x00000007beb00000,0x00000007beb00000,0x00000007bfe80000)
 ParOldGen       total 74240K, used 60528K [0x0000000790000000, 0x0000000794880000, 0x00000007b0000000)
  object space 74240K, 81% used [0x0000000790000000,0x0000000793b1c2b0,0x0000000794880000)
 Metaspace       used 52966K, capacity 54444K, committed 54656K, reserved 1097728K
  class space    used 5992K, capacity 6440K, committed 6528K, reserved 1048576K
Event: 10.136 GC heap after
Heap after GC invocations=65 (full 5):
 PSYoungGen      total 239616K, used 12946K [0x00000007b0000000, 0x00000007c0000000, 0x00000007c0000000)
  eden space 219648K, 0% used [0x00000007b0000000,0x00000007b0000000,0x00000007bd680000)
  from space 19968K, 64% used [0x00000007beb00000,0x00000007bf7a4b38,0x00000007bfe80000)
  to   space 20992K, 0% used [0x00000007bd680000,0x00000007bd680000,0x00000007beb00000)
 ParOldGen       total 74240K, used 60536K [0x0000000790000000, 0x0000000794880000, 0x00000007b0000000)
  object space 74240K, 81% used [0x0000000790000000,0x0000000793b1e2b0,0x0000000794880000)
 Metaspace       used 52966K, capacity 54444K, committed 54656K, reserved 1097728K
  class space    used 5992K, capacity 6440K, committed 6528K, reserved 1048576K
}
Event: 10.819 GC heap before
{Heap before GC invocations=66 (full 5):
 PSYoungGen      total 239616K, used 227818K [0x00000007b0000000, 0x00000007c0000000, 0x00000007c0000000)
  eden space 219648K, 97% used [0x00000007b0000000,0x00000007bd1d5ee8,0x00000007bd680000)
  from space 19968K, 64% used [0x00000007beb00000,0x00000007bf7a4b38,0x00000007bfe80000)
  to   space 20992K, 0% used [0x00000007bd680000,0x00000007bd680000,0x00000007beb00000)
 ParOldGen       total 74240K, used 60536K [0x0000000790000000, 0x0000000794880000, 0x00000007b0000000)
  object space 74240K, 81% used [0x0000000790000000,0x0000000793b1e2b0,0x0000000794880000)
 Metaspace       used 54576K, capacity 56204K, committed 56320K, reserved 1099776K
  class space    used 6144K, capacity 6641K, committed 6656K, reserved 1048576K
Event: 10.836 GC heap after
Heap after GC invocations=66 (full 5):
 PSYoungGen      total 240640K, used 20960K [0x00000007b0000000, 0x00000007c0000000, 0x00000007c0000000)
  eden space 219648K, 0% used [0x00000007b0000000,0x00000007b0000000,0x00000007bd680000)
  from space 20992K, 99% used [0x00000007bd680000,0x00000007beaf8310,0x00000007beb00000)
  to   space 21504K, 0% used [0x00000007beb00000,0x00000007beb00000,0x00000007c0000000)
 ParOldGen       total 74240K, used 62264K [0x0000000790000000, 0x0000000794880000, 0x00000007b0000000)
  object space 74240K, 83% used [0x0000000790000000,0x0000000793cce300,0x0000000794880000)
 Metaspace       used 54576K, capacity 56204K, committed 56320K, reserved 1099776K
  class space    used 6144K, capacity 6641K, committed 6656K, reserved 1048576K
}
Event: 11.271 GC heap before
{Heap before GC invocations=67 (full 5):
 PSYoungGen      total 240640K, used 240608K [0x00000007b0000000, 0x00000007c0000000, 0x00000007c0000000)
  eden space 219648K, 100% used [0x00000007b0000000,0x00000007bd680000,0x00000007bd680000)
  from space 20992K, 99% used [0x00000007bd680000,0x00000007beaf8310,0x00000007beb00000)
  to   space 21504K, 0% used [0x00000007beb00000,0x00000007beb00000,0x00000007c0000000)
 ParOldGen       total 74240K, used 62264K [0x0000000790000000, 0x0000000794880000, 0x00000007b0000000)
  object space 74240K, 83% used [0x0000000790000000,0x0000000793cce300,0x0000000794880000)
 Metaspace       used 56495K, capacity 58028K, committed 58240K, reserved 1099776K
  class space    used 6451K, capacity 6929K, committed 7040K, reserved 1048576K
Event: 11.289 GC heap after
Heap after GC invocations=67 (full 5):
 PSYoungGen      total 222208K, used 21495K [0x00000007b0000000, 0x00000007c0000000, 0x00000007c0000000)
  eden space 200704K, 0% used [0x00000007b0000000,0x00000007b0000000,0x00000007bc400000)
  from space 21504K, 99% used [0x00000007beb00000,0x00000007bfffdc30,0x00000007c0000000)
  to   space 30720K, 0% used [0x00000007bc400000,0x00000007bc400000,0x00000007be200000)
 ParOldGen       total 74240K, used 70071K [0x0000000790000000, 0x0000000794880000, 0x00000007b0000000)
  object space 74240K, 94% used [0x0000000790000000,0x000000079446de88,0x0000000794880000)
 Metaspace       used 56495K, capacity 58028K, committed 58240K, reserved 1099776K
  class space    used 6451K, capacity 6929K, committed 7040K, reserved 1048576K
}
Event: 11.289 GC heap before
{Heap before GC invocations=68 (full 6):
 PSYoungGen      total 222208K, used 21495K [0x00000007b0000000, 0x00000007c0000000, 0x00000007c0000000)
  eden space 200704K, 0% used [0x00000007b0000000,0x00000007b0000000,0x00000007bc400000)
  from space 21504K, 99% used [0x00000007beb00000,0x00000007bfffdc30,0x00000007c0000000)
  to   space 30720K, 0% used [0x00000007bc400000,0x00000007bc400000,0x00000007be200000)
 ParOldGen       total 74240K, used 70071K [0x0000000790000000, 0x0000000794880000, 0x00000007b0000000)
  object space 74240K, 94% used [0x0000000790000000,0x000000079446de88,0x0000000794880000)
 Metaspace       used 56495K, capacity 58028K, committed 58240K, reserved 1099776K
  class space    used 6451K, capacity 6929K, committed 7040K, reserved 1048576K
Event: 12.063 GC heap after
Heap after GC invocations=68 (full 6):
 PSYoungGen      total 222208K, used 15226K [0x00000007b0000000, 0x00000007c0000000, 0x00000007c0000000)
  eden space 200704K, 0% used [0x00000007b0000000,0x00000007b0000000,0x00000007bc400000)
  from space 21504K, 70% used [0x00000007beb00000,0x00000007bf9deb20,0x00000007c0000000)
  to   space 30720K, 0% used [0x00000007bc400000,0x00000007bc400000,0x00000007be200000)
 ParOldGen       total 91648K, used 74184K [0x0000000790000000, 0x0000000795980000, 0x00000007b0000000)
  object space 91648K, 80% used [0x0000000790000000,0x00000007948723d8,0x0000000795980000)
 Metaspace       used 56495K, capacity 58028K, committed 58240K, reserved 1099776K
  class space    used 6451K, capacity 6929K, committed 7040K, reserved 1048576K
}

