# JRE version: Java(TM) SE Runtime Environment (8.0_11-b12) (build 1.8.0_11-b12)
# Java VM: Java HotSpot(TM) 64-Bit Server VM (25.11-b03 mixed mode bsd-amd64 compressed oops)
Heap:
 PSYoungGen      total 198656K, used 118339K [0x00000007b0000000, 0x00000007c0000000, 0x00000007c0000000)
  eden space 152064K, 61% used [0x00000007b0000000,0x00000007b5ac2b58,0x00000007b9480000)
  from space 46592K, 54% used [0x00000007b9480000,0x00000007bad4e258,0x00000007bc200000)
  to   space 53248K, 0% used [0x00000007bcc00000,0x00000007bcc00000,0x00000007c0000000)
 ParOldGen       total 73216K, used 63944K [0x0000000790000000, 0x0000000794780000, 0x00000007b0000000)
  object space 73216K, 87% used [0x0000000790000000,0x0000000793e72330,0x0000000794780000)
 Metaspace       used 57706K, capacity 59426K, committed 59604K, reserved 1101824K
  class space    used 6617K, capacity 7128K, committed 7168K, reserved 1048576K
GC Heap History (10 events):
Event: 10.737 GC heap before
{Heap before GC invocations=36 (full 2):
 PSYoungGen      total 159744K, used 154407K [0x00000007b0000000, 0x00000007bcb80000, 0x00000007c0000000)
  eden space 131072K, 100% used [0x00000007b0000000,0x00000007b8000000,0x00000007b8000000)
  from space 28672K, 81% used [0x00000007b8000000,0x00000007b96c9de8,0x00000007b9c00000)
  to   space 31744K, 0% used [0x00000007bac80000,0x00000007bac80000,0x00000007bcb80000)
 ParOldGen       total 64000K, used 43782K [0x0000000790000000, 0x0000000793e80000, 0x00000007b0000000)
  object space 64000K, 68% used [0x0000000790000000,0x0000000792ac1818,0x0000000793e80000)
 Metaspace       used 52689K, capacity 54218K, committed 54528K, reserved 1097728K
  class space    used 5949K, capacity 6399K, committed 6400K, reserved 1048576K
Event: 10.762 GC heap after
Heap after GC invocations=36 (full 2):
 PSYoungGen      total 173056K, used 28041K [0x00000007b0000000, 0x00000007bd400000, 0x00000007c0000000)
  eden space 141312K, 0% used [0x00000007b0000000,0x00000007b0000000,0x00000007b8a00000)
  from space 31744K, 88% used [0x00000007bac80000,0x00000007bc7e2780,0x00000007bcb80000)
  to   space 35328K, 0% used [0x00000007b8a00000,0x00000007b8a00000,0x00000007bac80000)
 ParOldGen       total 64000K, used 43790K [0x0000000790000000, 0x0000000793e80000, 0x00000007b0000000)
  object space 64000K, 68% used [0x0000000790000000,0x0000000792ac3818,0x0000000793e80000)
 Metaspace       used 52689K, capacity 54218K, committed 54528K, reserved 1097728K
  class space    used 5949K, capacity 6399K, committed 6400K, reserved 1048576K
}
Event: 11.258 GC heap before
{Heap before GC invocations=37 (full 2):
 PSYoungGen      total 173056K, used 169353K [0x00000007b0000000, 0x00000007bd400000, 0x00000007c0000000)
  eden space 141312K, 100% used [0x00000007b0000000,0x00000007b8a00000,0x00000007b8a00000)
  from space 31744K, 88% used [0x00000007bac80000,0x00000007bc7e2780,0x00000007bcb80000)
  to   space 35328K, 0% used [0x00000007b8a00000,0x00000007b8a00000,0x00000007bac80000)
 ParOldGen       total 64000K, used 43790K [0x0000000790000000, 0x0000000793e80000, 0x00000007b0000000)
  object space 64000K, 68% used [0x0000000790000000,0x0000000792ac3818,0x0000000793e80000)
 Metaspace       used 53461K, capacity 54964K, committed 55168K, reserved 1097728K
  class space    used 6050K, capacity 6510K, committed 6528K, reserved 1048576K
Event: 11.280 GC heap after
Heap after GC invocations=37 (full 2):
 PSYoungGen      total 176640K, used 33040K [0x00000007b0000000, 0x00000007be980000, 0x00000007c0000000)
  eden space 141312K, 0% used [0x00000007b0000000,0x00000007b0000000,0x00000007b8a00000)
  from space 35328K, 93% used [0x00000007b8a00000,0x00000007baa443b8,0x00000007bac80000)
  to   space 40448K, 0% used [0x00000007bc200000,0x00000007bc200000,0x00000007be980000)
 ParOldGen       total 64000K, used 43798K [0x0000000790000000, 0x0000000793e80000, 0x00000007b0000000)
  object space 64000K, 68% used [0x0000000790000000,0x0000000792ac5818,0x0000000793e80000)
 Metaspace       used 53461K, capacity 54964K, committed 55168K, reserved 1097728K
  class space    used 6050K, capacity 6510K, committed 6528K, reserved 1048576K
}
Event: 11.831 GC heap before
{Heap before GC invocations=38 (full 2):
 PSYoungGen      total 176640K, used 174352K [0x00000007b0000000, 0x00000007be980000, 0x00000007c0000000)
  eden space 141312K, 100% used [0x00000007b0000000,0x00000007b8a00000,0x00000007b8a00000)
  from space 35328K, 93% used [0x00000007b8a00000,0x00000007baa443b8,0x00000007bac80000)
  to   space 40448K, 0% used [0x00000007bc200000,0x00000007bc200000,0x00000007be980000)
 ParOldGen       total 64000K, used 43798K [0x0000000790000000, 0x0000000793e80000, 0x00000007b0000000)
  object space 64000K, 68% used [0x0000000790000000,0x0000000792ac5818,0x0000000793e80000)
 Metaspace       used 54693K, capacity 56256K, committed 56320K, reserved 1099776K
  class space    used 6149K, capacity 6641K, committed 6656K, reserved 1048576K
Event: 11.867 GC heap after
Heap after GC invocations=38 (full 2):
 PSYoungGen      total 192512K, used 40319K [0x00000007b0000000, 0x00000007bf700000, 0x00000007c0000000)
  eden space 152064K, 0% used [0x00000007b0000000,0x00000007b0000000,0x00000007b9480000)
  from space 40448K, 99% used [0x00000007bc200000,0x00000007be95fe90,0x00000007be980000)
  to   space 46592K, 0% used [0x00000007b9480000,0x00000007b9480000,0x00000007bc200000)
 ParOldGen       total 64000K, used 43806K [0x0000000790000000, 0x0000000793e80000, 0x00000007b0000000)
  object space 64000K, 68% used [0x0000000790000000,0x0000000792ac7818,0x0000000793e80000)
 Metaspace       used 54693K, capacity 56256K, committed 56320K, reserved 1099776K
  class space    used 6149K, capacity 6641K, committed 6656K, reserved 1048576K
}
Event: 12.440 GC heap before
{Heap before GC invocations=39 (full 2):
 PSYoungGen      total 192512K, used 177913K [0x00000007b0000000, 0x00000007bf700000, 0x00000007c0000000)
  eden space 152064K, 90% used [0x00000007b0000000,0x00000007b865e660,0x00000007b9480000)
  from space 40448K, 99% used [0x00000007bc200000,0x00000007be95fe90,0x00000007be980000)
  to   space 46592K, 0% used [0x00000007b9480000,0x00000007b9480000,0x00000007bc200000)
 ParOldGen       total 64000K, used 43806K [0x0000000790000000, 0x0000000793e80000, 0x00000007b0000000)
  object space 64000K, 68% used [0x0000000790000000,0x0000000792ac7818,0x0000000793e80000)
 Metaspace       used 56796K, capacity 58386K, committed 58452K, reserved 1101824K
  class space    used 6485K, capacity 7007K, committed 7040K, reserved 1048576K
Event: 12.471 GC heap after
Heap after GC invocations=39 (full 2):
 PSYoungGen      total 198656K, used 44168K [0x00000007b0000000, 0x00000007c0000000, 0x00000007c0000000)
  eden space 152064K, 0% used [0x00000007b0000000,0x00000007b0000000,0x00000007b9480000)
  from space 46592K, 94% used [0x00000007b9480000,0x00000007bbfa20c0,0x00000007bc200000)
  to   space 53248K, 0% used [0x00000007bcc00000,0x00000007bcc00000,0x00000007c0000000)
 ParOldGen       total 64000K, used 49182K [0x0000000790000000, 0x0000000793e80000, 0x00000007b0000000)
  object space 64000K, 76% used [0x0000000790000000,0x0000000793007828,0x0000000793e80000)
 Metaspace       used 56796K, capacity 58386K, committed 58452K, reserved 1101824K
  class space    used 6485K, capacity 7007K, committed 7040K, reserved 1048576K
}
Event: 12.471 GC heap before
{Heap before GC invocations=40 (full 3):
 PSYoungGen      total 198656K, used 44168K [0x00000007b0000000, 0x00000007c0000000, 0x00000007c0000000)
  eden space 152064K, 0% used [0x00000007b0000000,0x00000007b0000000,0x00000007b9480000)
  from space 46592K, 94% used [0x00000007b9480000,0x00000007bbfa20c0,0x00000007bc200000)
  to   space 53248K, 0% used [0x00000007bcc00000,0x00000007bcc00000,0x00000007c0000000)
 ParOldGen       total 64000K, used 49182K [0x0000000790000000, 0x0000000793e80000, 0x00000007b0000000)
  object space 64000K, 76% used [0x0000000790000000,0x0000000793007828,0x0000000793e80000)
 Metaspace       used 56796K, capacity 58386K, committed 58452K, reserved 1101824K
  class space    used 6485K, capacity 7007K, committed 7040K, reserved 1048576K
Event: 13.069 GC heap after
Heap after GC invocations=40 (full 3):
 PSYoungGen      total 198656K, used 25400K [0x00000007b0000000, 0x00000007c0000000, 0x00000007c0000000)
  eden space 152064K, 0% used [0x00000007b0000000,0x00000007b0000000,0x00000007b9480000)
  from space 46592K, 54% used [0x00000007b9480000,0x00000007bad4e258,0x00000007bc200000)
  to   space 53248K, 0% used [0x00000007bcc00000,0x00000007bcc00000,0x00000007c0000000)
 ParOldGen       total 73216K, used 63944K [0x0000000790000000, 0x0000000794780000, 0x00000007b0000000)
  object space 73216K, 87% used [0x0000000790000000,0x0000000793e72330,0x0000000794780000)
 Metaspace       used 56796K, capacity 58386K, committed 58452K, reserved 1101824K
  class space    used 6485K, capacity 7007K, committed 7040K, reserved 1048576K
}

